<?xml version="1.0" encoding="UTF-8"?>
<!-- Generated by org.testng.reporters.JUnitXMLReporter -->
<testsuite ignored="0" hostname="LAPTOP-VPRT9U7G" failures="0" tests="3" name="Default test" time="234.341" errors="0" timestamp="18 Oct 2020 13:16:22 GMT">
  <testcase classname="com.realestate.sanity.tests.TestCases" name="deleteProperty" time="41.23"/>
  <testcase classname="com.realestate.sanity.tests.TestCases" name="restoreProperty" time="44.504"/>
  <testcase classname="com.realestate.sanity.tests.TestCases" name="viewAndReplyToComment" time="39.183"/>
</testsuite> <!-- Default test -->
